Traceback (most recent call last):
  File "/Users/particle/opt/miniconda3/envs/homl/lib/python3.7/site-packages/jupyter_cache/executors/utils.py", line 56, in single_nb_execution
    record_timing=False,
  File "/Users/particle/opt/miniconda3/envs/homl/lib/python3.7/site-packages/nbclient/client.py", line 1117, in execute
    return NotebookClient(nb=nb, resources=resources, km=km, **kwargs).execute()
  File "/Users/particle/opt/miniconda3/envs/homl/lib/python3.7/site-packages/nbclient/util.py", line 78, in wrapped
    return just_run(coro(*args, **kwargs))
  File "/Users/particle/opt/miniconda3/envs/homl/lib/python3.7/site-packages/nbclient/util.py", line 57, in just_run
    return loop.run_until_complete(coro)
  File "/Users/particle/opt/miniconda3/envs/homl/lib/python3.7/asyncio/base_events.py", line 587, in run_until_complete
    return future.result()
  File "/Users/particle/opt/miniconda3/envs/homl/lib/python3.7/site-packages/nbclient/client.py", line 559, in async_execute
    cell, index, execution_count=self.code_cells_executed + 1
  File "/Users/particle/opt/miniconda3/envs/homl/lib/python3.7/site-packages/nbclient/client.py", line 862, in async_execute_cell
    self._check_raise_for_error(cell, exec_reply)
  File "/Users/particle/opt/miniconda3/envs/homl/lib/python3.7/site-packages/nbclient/client.py", line 765, in _check_raise_for_error
    raise CellExecutionError.from_cell_and_msg(cell, exec_reply_content)
nbclient.exceptions.CellExecutionError: An error occurred while executing the following cell:
------------------
import pandas as pd
import numpy as np
import time
import joblib
import random
from joblib import Parallel, delayed
from scipy.optimize import minimize
from xgboost import XGBClassifier

from sklearn import model_selection, linear_model, metrics, decomposition, ensemble
from sklearn.preprocessing import StandardScaler
from sklearn.feature_extraction.text import TfidfVectorizer, CountVectorizer
from sklearn.pipeline import Pipeline, make_pipeline
from sklearn.compose import ColumnTransformer
from sklearn.base import BaseEstimator, TransformerMixin, ClassifierMixin, clone

from tqdm.notebook import tqdm as tqdm
from functools import partial, reduce
from typing import List
import warnings
warnings.simplefilter(action='ignore')

# config
random.seed(42)
np.random.seed(42)
NUM_FOLDS = 5
------------------

[0;31m---------------------------------------------------------------------------[0m
[0;31mModuleNotFoundError[0m                       Traceback (most recent call last)
[0;32m<ipython-input-1-784427c88585>[0m in [0;36m<module>[0;34m[0m
[1;32m      2[0m [0;32mimport[0m [0mnumpy[0m [0;32mas[0m [0mnp[0m[0;34m[0m[0;34m[0m[0m
[1;32m      3[0m [0;32mimport[0m [0mtime[0m[0;34m[0m[0;34m[0m[0m
[0;32m----> 4[0;31m [0;32mimport[0m [0mjoblib[0m[0;34m[0m[0;34m[0m[0m
[0m[1;32m      5[0m [0;32mimport[0m [0mrandom[0m[0;34m[0m[0;34m[0m[0m
[1;32m      6[0m [0;32mfrom[0m [0mjoblib[0m [0;32mimport[0m [0mParallel[0m[0;34m,[0m [0mdelayed[0m[0;34m[0m[0;34m[0m[0m

[0;31mModuleNotFoundError[0m: No module named 'joblib'
ModuleNotFoundError: No module named 'joblib'

